<?xml version="1.0" encoding="UTF-8"?>
<!-- Generated by org.testng.reporters.JUnitReportReporter -->
<testsuite name="abcd.A" tests="1" time="0.029" ignored="0" failures="0" timestamp="02 Feb 2017 07:31:18 GMT" skipped="0" hostname="Vittal-PC" errors="0">
  <testcase name="m" time="0.029" classname="abcd.A"/>
</testsuite> <!-- abcd.A -->
