<?xml version="1.0" encoding="UTF-8"?>
<!-- Generated by org.testng.reporters.JUnitReportReporter -->
<testsuite name="abcd.B" tests="2" time="0.005" ignored="0" failures="0" timestamp="02 Feb 2017 03:00:15 GMT" skipped="0" hostname="Vittal-PC" errors="0">
  <testcase name="m" time="0.002" classname="abcd.B"/>
  <testcase name="m" time="0.003" classname="abcd.B"/>
</testsuite> <!-- abcd.B -->
